
[2020-10-27 19:00:52][8] Processing: App\Jobs\SendConfirmEmailJob
[2020-10-27 19:00:53][8] Processing: App\Jobs\SendConfirmEmailJob
[2020-10-27 19:00:54][8] Processing: App\Jobs\SendConfirmEmailJob
[2020-10-27 19:00:55][8] Processing: App\Jobs\SendConfirmEmailJob
[2020-10-27 19:00:55][8] Processing: App\Jobs\SendConfirmEmailJob
[2020-10-27 19:00:56][8] Failed:     App\Jobs\SendConfirmEmailJob
[2020-10-27 19:08:10][1] Processing: App\Jobs\SendConfirmEmailJob
[2020-10-27 19:08:11][1] Processed:  App\Jobs\SendConfirmEmailJob
[2020-10-30 10:47:18][5] Processing: App\Jobs\UpdateApiDataByPlatformIdJob
[2020-10-30 10:47:18][4] Processing: App\Jobs\UpdateApiDataByPlatformIdJob
[2020-10-30 10:47:19][2] Processing: App\Jobs\UpdateApiDataByPlatformIdJob
[2020-10-30 10:47:19][7] Processing: App\Jobs\UpdateApiDataByPlatformIdJob
[2020-10-30 10:47:20][1] Processing: App\Jobs\UpdateApiDataByPlatformIdJob
[2020-10-30 10:47:20][6] Processing: App\Jobs\UpdateApiDataByPlatformIdJob
[2020-10-30 10:47:21][3] Processing: App\Jobs\UpdateApiDataByPlatformIdJob
[2020-10-30 10:47:21][3] Failed:     App\Jobs\UpdateApiDataByPlatformIdJob
[2020-10-30 10:47:24][7] Processed:  App\Jobs\UpdateApiDataByPlatformIdJob
[2020-10-30 10:47:24][8] Processing: App\Events\PlatformImportUpdatedEvent
[2020-10-30 10:47:24][8] Processed:  App\Events\PlatformImportUpdatedEvent
[2020-10-30 10:48:22][1] Failed:     App\Jobs\UpdateApiDataByPlatformIdJob
[2020-10-30 10:48:23][6] Processing: App\Jobs\UpdateApiDataByPlatformIdJob
[2020-10-30 10:48:49][2] Processing: App\Jobs\UpdateApiDataByPlatformIdJob
[2020-10-30 10:48:50][4] Processing: App\Jobs\UpdateApiDataByPlatformIdJob
[2020-10-30 10:49:49][2] Processing: App\Jobs\UpdateApiDataByPlatformIdJob
[2020-10-30 10:49:53][4] Processing: App\Jobs\UpdateApiDataByPlatformIdJob
[2020-10-30 10:50:31][2] Processed:  App\Jobs\UpdateApiDataByPlatformIdJob
[2020-10-30 10:50:31][9] Processing: App\Events\PlatformImportUpdatedEvent
[2020-10-30 10:50:32][9] Processed:  App\Events\PlatformImportUpdatedEvent
[2020-10-30 10:50:36][4] Processed:  App\Jobs\UpdateApiDataByPlatformIdJob
[2020-10-30 10:50:36][10] Processing: App\Events\PlatformImportUpdatedEvent
[2020-10-30 10:50:37][10] Processed:  App\Events\PlatformImportUpdatedEvent
[2020-10-30 15:18:11][12] Processing: App\Jobs\SendConfirmEmailJob
[2020-10-30 15:18:13][12] Processed:  App\Jobs\SendConfirmEmailJob
[2020-10-30 15:19:10][13] Processing: App\Jobs\SendConfirmEmailJob
[2020-10-30 15:19:11][13] Processed:  App\Jobs\SendConfirmEmailJob
[2020-10-30 15:20:10][14] Processing: App\Jobs\SendConfirmEmailJob
[2020-10-30 15:20:11][14] Processed:  App\Jobs\SendConfirmEmailJob
[2020-10-30 15:21:04][15] Processing: App\Jobs\SendConfirmEmailJob
[2020-10-30 15:21:05][15] Processed:  App\Jobs\SendConfirmEmailJob
[2020-10-30 15:25:53][16] Processing: App\Jobs\SendConfirmEmailJob
[2020-10-30 15:25:55][16] Processed:  App\Jobs\SendConfirmEmailJob
[2020-10-30 15:32:44][1] Processing: App\Jobs\SendConfirmEmailJob
[2020-10-30 15:32:46][1] Processed:  App\Jobs\SendConfirmEmailJob
